CRITICAL - 2023-06-04 06:15:02 --> Call to undefined function App\Controllers\viewa()
in APPPATH/Controllers/InvoiceController.php on line 13.
 1 SYSTEMPATH/CodeIgniter.php(934): App\Controllers\InvoiceController->create()
 2 SYSTEMPATH/CodeIgniter.php(499): CodeIgniter\CodeIgniter->runController()
 3 SYSTEMPATH/CodeIgniter.php(368): CodeIgniter\CodeIgniter->handleRequest()
 4 FCPATH/index.php(67): CodeIgniter\CodeIgniter->run()
CRITICAL - 2023-06-04 06:15:13 --> Call to undefined function App\Controllers\viewa()
in APPPATH/Controllers/InvoiceController.php on line 13.
 1 SYSTEMPATH/CodeIgniter.php(934): App\Controllers\InvoiceController->create()
 2 SYSTEMPATH/CodeIgniter.php(499): CodeIgniter\CodeIgniter->runController()
 3 SYSTEMPATH/CodeIgniter.php(368): CodeIgniter\CodeIgniter->handleRequest()
 4 FCPATH/index.php(67): CodeIgniter\CodeIgniter->run()
CRITICAL - 2023-06-04 06:15:20 --> Call to undefined function App\Controllers\viewa()
in APPPATH/Controllers/InvoiceController.php on line 13.
 1 SYSTEMPATH/CodeIgniter.php(934): App\Controllers\InvoiceController->create()
 2 SYSTEMPATH/CodeIgniter.php(499): CodeIgniter\CodeIgniter->runController()
 3 SYSTEMPATH/CodeIgniter.php(368): CodeIgniter\CodeIgniter->handleRequest()
 4 FCPATH/index.php(67): CodeIgniter\CodeIgniter->run()
CRITICAL - 2023-06-04 06:15:21 --> Call to undefined function App\Controllers\viewa()
in APPPATH/Controllers/InvoiceController.php on line 13.
 1 SYSTEMPATH/CodeIgniter.php(934): App\Controllers\InvoiceController->create()
 2 SYSTEMPATH/CodeIgniter.php(499): CodeIgniter\CodeIgniter->runController()
 3 SYSTEMPATH/CodeIgniter.php(368): CodeIgniter\CodeIgniter->handleRequest()
 4 FCPATH/index.php(67): CodeIgniter\CodeIgniter->run()
CRITICAL - 2023-06-04 06:15:30 --> Call to undefined function App\Controllers\viewa()
in APPPATH/Controllers/InvoiceController.php on line 13.
 1 SYSTEMPATH/CodeIgniter.php(934): App\Controllers\InvoiceController->create()
 2 SYSTEMPATH/CodeIgniter.php(499): CodeIgniter\CodeIgniter->runController()
 3 SYSTEMPATH/CodeIgniter.php(368): CodeIgniter\CodeIgniter->handleRequest()
 4 FCPATH/index.php(67): CodeIgniter\CodeIgniter->run()
CRITICAL - 2023-06-04 06:15:31 --> Call to undefined function App\Controllers\viewa()
in APPPATH/Controllers/InvoiceController.php on line 13.
 1 SYSTEMPATH/CodeIgniter.php(934): App\Controllers\InvoiceController->create()
 2 SYSTEMPATH/CodeIgniter.php(499): CodeIgniter\CodeIgniter->runController()
 3 SYSTEMPATH/CodeIgniter.php(368): CodeIgniter\CodeIgniter->handleRequest()
 4 FCPATH/index.php(67): CodeIgniter\CodeIgniter->run()
